<?xml version="1.0" encoding="UTF-8"?>
<!-- Generated by org.testng.reporters.JUnitXMLReporter -->
<testsuite hostname="LAPTOP-60J7QEQ1" ignored="17" name="Default test" tests="1" failures="1" timestamp="02 Oct 2022 19:37:12 GMT" time="8.917" errors="0">
  <testcase name="passWordFieldclickTest2" time="0.009" classname="TestPages.HomePageTest">
    <failure type="org.openqa.selenium.InvalidSelectorException" message="Compound class names not permitted
For documentation on this error, please visit: https://selenium.dev/exceptions/#invalid_selector_exception
Build info: version: &amp;apos;4.4.0&amp;apos;, revision: &amp;apos;e5c75ed026a&amp;apos;
System info: host: &amp;apos;LAPTOP-60J7QEQ1&amp;apos;, ip: &amp;apos;192.168.0.15&amp;apos;, os.name: &amp;apos;Windows 11&amp;apos;, os.arch: &amp;apos;amd64&amp;apos;, os.version: &amp;apos;10.0&amp;apos;, java.version: &amp;apos;1.8.0_341&amp;apos;
Driver info: driver.version: unknown">
      <![CDATA[org.openqa.selenium.InvalidSelectorException: Compound class names not permitted
For documentation on this error, please visit: https://selenium.dev/exceptions/#invalid_selector_exception
Build info: version: '4.4.0', revision: 'e5c75ed026a'
System info: host: 'LAPTOP-60J7QEQ1', ip: '192.168.0.15', os.name: 'Windows 11', os.arch: 'amd64', os.version: '10.0', java.version: '1.8.0_341'
Driver info: driver.version: unknown
	at org.openqa.selenium.By$ByClassName.<init>(By.java:310)
	at org.openqa.selenium.By.className(By.java:100)
	at TestPages.HomePageTest.passWordFieldclickTest2(HomePageTest.java:59)
	at sun.reflect.NativeMethodAccessorImpl.invoke0(Native Method)
	at sun.reflect.NativeMethodAccessorImpl.invoke(NativeMethodAccessorImpl.java:62)
	at sun.reflect.DelegatingMethodAccessorImpl.invoke(DelegatingMethodAccessorImpl.java:43)
	at java.lang.reflect.Method.invoke(Method.java:498)
	at org.testng.internal.MethodInvocationHelper.invokeMethod(MethodInvocationHelper.java:108)
	at org.testng.internal.Invoker.invokeMethod(Invoker.java:661)
	at org.testng.internal.Invoker.invokeTestMethod(Invoker.java:869)
	at org.testng.internal.Invoker.invokeTestMethods(Invoker.java:1193)
	at org.testng.internal.TestMethodWorker.invokeTestMethods(TestMethodWorker.java:126)
	at org.testng.internal.TestMethodWorker.run(TestMethodWorker.java:109)
	at org.testng.TestRunner.privateRun(TestRunner.java:744)
	at org.testng.TestRunner.run(TestRunner.java:602)
	at org.testng.SuiteRunner.runTest(SuiteRunner.java:380)
	at org.testng.SuiteRunner.runSequentially(SuiteRunner.java:375)
	at org.testng.SuiteRunner.privateRun(SuiteRunner.java:340)
	at org.testng.SuiteRunner.run(SuiteRunner.java:289)
	at org.testng.SuiteRunnerWorker.runSuite(SuiteRunnerWorker.java:52)
	at org.testng.SuiteRunnerWorker.run(SuiteRunnerWorker.java:86)
	at org.testng.TestNG.runSuitesSequentially(TestNG.java:1301)
	at org.testng.TestNG.runSuitesLocally(TestNG.java:1226)
	at org.testng.TestNG.runSuites(TestNG.java:1144)
	at org.testng.TestNG.run(TestNG.java:1115)
	at org.testng.remote.AbstractRemoteTestNG.run(AbstractRemoteTestNG.java:132)
	at org.testng.remote.RemoteTestNG.initAndRun(RemoteTestNG.java:230)
	at org.testng.remote.RemoteTestNG.main(RemoteTestNG.java:76)
]]>
    </failure>
  </testcase> <!-- passWordFieldclickTest2 -->
  <testcase name="iAgreeCheckBoxClickTest" time="0.0" classname="TestPages.HomePageTest">
    <ignored/>
  </testcase> <!-- iAgreeCheckBoxClickTest -->
  <testcase name="clickUnlockButtonFieldTest1" time="0.0" classname="TestPages.HomePageTest">
    <ignored/>
  </testcase> <!-- clickUnlockButtonFieldTest1 -->
  <testcase name="loginButtonTest1" time="0.0" classname="TestPages.HomePageTest">
    <ignored/>
  </testcase> <!-- loginButtonTest1 -->
  <testcase name="userIdButtonClickTest3" time="0.0" classname="TestPages.HomePageTest">
    <ignored/>
  </testcase> <!-- userIdButtonClickTest3 -->
  <testcase name="unlockButtonTest3" time="0.0" classname="TestPages.HomePageTest">
    <ignored/>
  </testcase> <!-- unlockButtonTest3 -->
  <testcase name="homeButtonTest" time="0.0" classname="TestPages.HomePageTest">
    <ignored/>
  </testcase> <!-- homeButtonTest -->
  <testcase name="clickUserIdFielTest1" time="0.0" classname="TestPages.HomePageTest">
    <ignored/>
  </testcase> <!-- clickUserIdFielTest1 -->
  <testcase name="logoTest" time="0.0" classname="TestPages.HomePageTest">
    <ignored/>
  </testcase> <!-- logoTest -->
  <testcase name="clickPassWordFieldTest1" time="0.0" classname="TestPages.HomePageTest">
    <ignored/>
  </testcase> <!-- clickPassWordFieldTest1 -->
  <testcase name="applicationSpecificFieldClickTest" time="0.0" classname="TestPages.HomePageTest">
    <ignored/>
  </testcase> <!-- applicationSpecificFieldClickTest -->
  <testcase name="FAQsFieldClickTest" time="0.0" classname="TestPages.HomePageTest">
    <ignored/>
  </testcase> <!-- FAQsFieldClickTest -->
  <testcase name="loginButtonClickTest2" time="0.0" classname="TestPages.HomePageTest">
    <ignored/>
  </testcase> <!-- loginButtonClickTest2 -->
  <testcase name="clickIAgreeCheckBoxTest" time="0.0" classname="TestPages.HomePageTest">
    <ignored/>
  </testcase> <!-- clickIAgreeCheckBoxTest -->
  <testcase name="newUserRegistrationButtonClickTest" time="0.0" classname="TestPages.HomePageTest">
    <ignored/>
  </testcase> <!-- newUserRegistrationButtonClickTest -->
  <testcase name="UnlonckLinkClickTest2" time="0.0" classname="TestPages.HomePageTest">
    <ignored/>
  </testcase> <!-- UnlonckLinkClickTest2 -->
  <testcase name="passWordFieldClickTest3" time="0.0" classname="TestPages.HomePageTest">
    <ignored/>
  </testcase> <!-- passWordFieldClickTest3 -->
  <testcase name="UserIdClickedTest2" time="0.0" classname="TestPages.HomePageTest">
    <ignored/>
  </testcase> <!-- UserIdClickedTest2 -->
</testsuite> <!-- Default test -->
