<?xml version="1.0" encoding="UTF-8"?>
<!-- Generated by org.testng.reporters.JUnitReportReporter -->
<testsuite skipped="17" hostname="LAPTOP-60J7QEQ1" name="TestPages.HomePageTest" tests="18" failures="0" timestamp="02 Oct 2022 19:37:12 GMT" time="8.883" errors="1">
  <testcase name="passWordFieldclickTest2" time="8.883" classname="TestPages.HomePageTest">
    <error type="org.openqa.selenium.InvalidSelectorException" message="Compound class names not permitted
For documentation on this error, please visit: https://selenium.dev/exceptions/#invalid_selector_exception
Build info: version: &#039;4.4.0&#039;, revision: &#039;e5c75ed026a&#039;
System info: host: &#039;LAPTOP-60J7QEQ1&#039;, ip: &#039;192.168.0.15&#039;, os.name: &#039;Windows 11&#039;, os.arch: &#039;amd64&#039;, os.version: &#039;10.0&#039;, java.version: &#039;1.8.0_341&#039;
Driver info: driver.version: unknown">
      <![CDATA[org.openqa.selenium.InvalidSelectorException: Compound class names not permitted
For documentation on this error, please visit: https://selenium.dev/exceptions/#invalid_selector_exception
Build info: version: '4.4.0', revision: 'e5c75ed026a'
System info: host: 'LAPTOP-60J7QEQ1', ip: '192.168.0.15', os.name: 'Windows 11', os.arch: 'amd64', os.version: '10.0', java.version: '1.8.0_341'
Driver info: driver.version: unknown
	at org.openqa.selenium.By$ByClassName.<init>(By.java:310)
	at org.openqa.selenium.By.className(By.java:100)
	at TestPages.HomePageTest.passWordFieldclickTest2(HomePageTest.java:59)
	at sun.reflect.NativeMethodAccessorImpl.invoke0(Native Method)
	at sun.reflect.NativeMethodAccessorImpl.invoke(NativeMethodAccessorImpl.java:62)
	at sun.reflect.DelegatingMethodAccessorImpl.invoke(DelegatingMethodAccessorImpl.java:43)
	at java.lang.reflect.Method.invoke(Method.java:498)
	at org.testng.internal.MethodInvocationHelper.invokeMethod(MethodInvocationHelper.java:108)
	at org.testng.internal.Invoker.invokeMethod(Invoker.java:661)
	at org.testng.internal.Invoker.invokeTestMethod(Invoker.java:869)
	at org.testng.internal.Invoker.invokeTestMethods(Invoker.java:1193)
	at org.testng.internal.TestMethodWorker.invokeTestMethods(TestMethodWorker.java:126)
	at org.testng.internal.TestMethodWorker.run(TestMethodWorker.java:109)
	at org.testng.TestRunner.privateRun(TestRunner.java:744)
	at org.testng.TestRunner.run(TestRunner.java:602)
	at org.testng.SuiteRunner.runTest(SuiteRunner.java:380)
	at org.testng.SuiteRunner.runSequentially(SuiteRunner.java:375)
	at org.testng.SuiteRunner.privateRun(SuiteRunner.java:340)
	at org.testng.SuiteRunner.run(SuiteRunner.java:289)
	at org.testng.SuiteRunnerWorker.runSuite(SuiteRunnerWorker.java:52)
	at org.testng.SuiteRunnerWorker.run(SuiteRunnerWorker.java:86)
	at org.testng.TestNG.runSuitesSequentially(TestNG.java:1301)
	at org.testng.TestNG.runSuitesLocally(TestNG.java:1226)
	at org.testng.TestNG.runSuites(TestNG.java:1144)
	at org.testng.TestNG.run(TestNG.java:1115)
	at org.testng.remote.AbstractRemoteTestNG.run(AbstractRemoteTestNG.java:132)
	at org.testng.remote.RemoteTestNG.initAndRun(RemoteTestNG.java:230)
	at org.testng.remote.RemoteTestNG.main(RemoteTestNG.java:76)
]]>
    </error>
  </testcase> <!-- passWordFieldclickTest2 -->
  <testcase name="iAgreeCheckBoxClickTest" classname="TestPages.HomePageTest">
    <skipped/>
  </testcase> <!-- iAgreeCheckBoxClickTest -->
  <testcase name="clickUnlockButtonFieldTest1" classname="TestPages.HomePageTest">
    <skipped/>
  </testcase> <!-- clickUnlockButtonFieldTest1 -->
  <testcase name="loginButtonTest1" classname="TestPages.HomePageTest">
    <skipped/>
  </testcase> <!-- loginButtonTest1 -->
  <testcase name="userIdButtonClickTest3" classname="TestPages.HomePageTest">
    <skipped/>
  </testcase> <!-- userIdButtonClickTest3 -->
  <testcase name="unlockButtonTest3" classname="TestPages.HomePageTest">
    <skipped/>
  </testcase> <!-- unlockButtonTest3 -->
  <testcase name="homeButtonTest" classname="TestPages.HomePageTest">
    <skipped/>
  </testcase> <!-- homeButtonTest -->
  <testcase name="clickUserIdFielTest1" classname="TestPages.HomePageTest">
    <skipped/>
  </testcase> <!-- clickUserIdFielTest1 -->
  <testcase name="logoTest" classname="TestPages.HomePageTest">
    <skipped/>
  </testcase> <!-- logoTest -->
  <testcase name="clickPassWordFieldTest1" classname="TestPages.HomePageTest">
    <skipped/>
  </testcase> <!-- clickPassWordFieldTest1 -->
  <testcase name="applicationSpecificFieldClickTest" classname="TestPages.HomePageTest">
    <skipped/>
  </testcase> <!-- applicationSpecificFieldClickTest -->
  <testcase name="FAQsFieldClickTest" classname="TestPages.HomePageTest">
    <skipped/>
  </testcase> <!-- FAQsFieldClickTest -->
  <testcase name="loginButtonClickTest2" classname="TestPages.HomePageTest">
    <skipped/>
  </testcase> <!-- loginButtonClickTest2 -->
  <testcase name="clickIAgreeCheckBoxTest" classname="TestPages.HomePageTest">
    <skipped/>
  </testcase> <!-- clickIAgreeCheckBoxTest -->
  <testcase name="newUserRegistrationButtonClickTest" classname="TestPages.HomePageTest">
    <skipped/>
  </testcase> <!-- newUserRegistrationButtonClickTest -->
  <testcase name="UnlonckLinkClickTest2" classname="TestPages.HomePageTest">
    <skipped/>
  </testcase> <!-- UnlonckLinkClickTest2 -->
  <testcase name="passWordFieldClickTest3" classname="TestPages.HomePageTest">
    <skipped/>
  </testcase> <!-- passWordFieldClickTest3 -->
  <testcase name="UserIdClickedTest2" classname="TestPages.HomePageTest">
    <skipped/>
  </testcase> <!-- UserIdClickedTest2 -->
</testsuite> <!-- TestPages.HomePageTest -->
